c:\users\zander\desktop\keeghive\keeghive\debug\keeghive.pch
c:\users\zander\desktop\keeghive\keeghive\debug\vc141.pdb
c:\users\zander\desktop\keeghive\keeghive\debug\vc141.idb
c:\users\zander\desktop\keeghive\keeghive\debug\stdafx.obj
c:\users\zander\desktop\keeghive\keeghive\debug\vmath.obj
c:\users\zander\desktop\keeghive\keeghive\debug\tinyxml2.obj
c:\users\zander\desktop\keeghive\keeghive\debug\testscene.obj
c:\users\zander\desktop\keeghive\keeghive\debug\synapselayer.obj
c:\users\zander\desktop\keeghive\keeghive\debug\synapse.obj
c:\users\zander\desktop\keeghive\keeghive\debug\sprite.obj
c:\users\zander\desktop\keeghive\keeghive\debug\shader.obj
c:\users\zander\desktop\keeghive\keeghive\debug\renderer.obj
c:\users\zander\desktop\keeghive\keeghive\debug\pinputmanager.obj
c:\users\zander\desktop\keeghive\keeghive\debug\pinputhandler.obj
c:\users\zander\desktop\keeghive\keeghive\debug\nodelayer.obj
c:\users\zander\desktop\keeghive\keeghive\debug\neuron.obj
c:\users\zander\desktop\keeghive\keeghive\debug\neuralnetwork.obj
c:\users\zander\desktop\keeghive\keeghive\debug\neuralnetfilereader.obj
c:\users\zander\desktop\keeghive\keeghive\debug\loadshaders.obj
c:\users\zander\desktop\keeghive\keeghive\debug\learningaitestbed.obj
c:\users\zander\desktop\keeghive\keeghive\debug\keeghive.obj
c:\users\zander\desktop\keeghive\keeghive\debug\glprimatives.obj
c:\users\zander\desktop\keeghive\keeghive\debug\emulsionfeild.obj
c:\users\zander\desktop\keeghive\keeghive\debug\camera.obj
c:\users\zander\desktop\keeghive\keeghive\debug\wonwonengine.obj
c:\users\zander\desktop\keeghive\debug\keeghive.ilk
c:\users\zander\desktop\keeghive\debug\keeghive.exe
c:\users\zander\desktop\keeghive\debug\keeghive.pdb
c:\users\zander\desktop\keeghive\keeghive\debug\keeghive.res
c:\users\zander\desktop\keeghive\keeghive\debug\keeghive.tlog\cl.command.1.tlog
c:\users\zander\desktop\keeghive\keeghive\debug\keeghive.tlog\cl.read.1.tlog
c:\users\zander\desktop\keeghive\keeghive\debug\keeghive.tlog\cl.write.1.tlog
c:\users\zander\desktop\keeghive\keeghive\debug\keeghive.tlog\link.command.1.tlog
c:\users\zander\desktop\keeghive\keeghive\debug\keeghive.tlog\link.read.1.tlog
c:\users\zander\desktop\keeghive\keeghive\debug\keeghive.tlog\link.write.1.tlog
c:\users\zander\desktop\keeghive\keeghive\debug\keeghive.tlog\rc.command.1.tlog
c:\users\zander\desktop\keeghive\keeghive\debug\keeghive.tlog\rc.read.1.tlog
c:\users\zander\desktop\keeghive\keeghive\debug\keeghive.tlog\rc.write.1.tlog
